<?xml version="1.0" encoding="UTF-8"?>
<!-- Generated by org.testng.reporters.JUnitXMLReporter -->
<testsuite ignored="0" hostname="LM-BGL-22004275" failures="1" tests="1" name="Apparel" time="7.471" errors="0" timestamp="2020-01-24T16:26:04 IST">
  <testcase classname="com.infy.home.test.search.SearchBox" name="ApparelSelection" time="2.593">
    <failure type="java.lang.NullPointerException">
      <![CDATA[java.lang.NullPointerException
at org.openqa.selenium.support.ui.Select.<init>(Select.java:44)
at com.infy.home.test.helpers.apparels.SearchBoxHelper.DropdownAllBtn(SearchBoxHelper.java:28)
at com.infy.home.test.search.SearchBox.ApparelSelection(SearchBox.java:31)
at java.base/java.util.ArrayList.forEach(ArrayList.java:1540)
... Removed 27 stack frames]]>
    </failure>
  </testcase> <!-- ApparelSelection -->
</testsuite> <!-- Apparel -->
