<?xml version="1.0" encoding="UTF-8"?>
<testng-results ignored="0" total="1" passed="0" failed="1" skipped="0">
  <reporter-output>
  </reporter-output>
  <suite started-at="2020-01-24T16:25:57 IST" name="Suite1" finished-at="2020-01-24T16:26:04 IST" duration-ms="7471">
    <groups>
    </groups>
    <test started-at="2020-01-24T16:25:57 IST" name="Apparel" finished-at="2020-01-24T16:26:04 IST" duration-ms="7471">
      <class name="com.infy.home.test.search.SearchBox">
        <test-method is-config="true" signature="setup()[pri:0, instance:com.infy.home.test.search.SearchBox@306e95ec]" started-at="2020-01-24T16:25:57 IST" name="setup" finished-at="2020-01-24T16:26:01 IST" duration-ms="3985" status="PASS">
          <reporter-output>
          </reporter-output>
        </test-method> <!-- setup -->
        <test-method signature="ApparelSelection()[pri:0, instance:com.infy.home.test.search.SearchBox@306e95ec]" started-at="2020-01-24T16:26:01 IST" name="ApparelSelection" finished-at="2020-01-24T16:26:03 IST" duration-ms="2593" status="FAIL">
          <exception class="java.lang.NullPointerException">
            <full-stacktrace>
              <![CDATA[java.lang.NullPointerException
at org.openqa.selenium.support.ui.Select.<init>(Select.java:44)
at com.infy.home.test.helpers.apparels.SearchBoxHelper.DropdownAllBtn(SearchBoxHelper.java:28)
at com.infy.home.test.search.SearchBox.ApparelSelection(SearchBox.java:31)
at java.base/jdk.internal.reflect.NativeMethodAccessorImpl.invoke0(Native Method)
at java.base/jdk.internal.reflect.NativeMethodAccessorImpl.invoke(NativeMethodAccessorImpl.java:62)
at java.base/jdk.internal.reflect.DelegatingMethodAccessorImpl.invoke(DelegatingMethodAccessorImpl.java:43)
at java.base/java.lang.reflect.Method.invoke(Method.java:566)
at org.testng.internal.MethodInvocationHelper.invokeMethod(MethodInvocationHelper.java:133)
at org.testng.internal.TestInvoker.invokeMethod(TestInvoker.java:584)
at org.testng.internal.TestInvoker.invokeTestMethod(TestInvoker.java:172)
at org.testng.internal.MethodRunner.runInSequence(MethodRunner.java:46)
at org.testng.internal.TestInvoker$MethodInvocationAgent.invoke(TestInvoker.java:804)
at org.testng.internal.TestInvoker.invokeTestMethods(TestInvoker.java:145)
at org.testng.internal.TestMethodWorker.invokeTestMethods(TestMethodWorker.java:146)
at org.testng.internal.TestMethodWorker.run(TestMethodWorker.java:128)
at java.base/java.util.ArrayList.forEach(ArrayList.java:1540)
at org.testng.TestRunner.privateRun(TestRunner.java:770)
at org.testng.TestRunner.run(TestRunner.java:591)
at org.testng.SuiteRunner.runTest(SuiteRunner.java:402)
at org.testng.SuiteRunner.runSequentially(SuiteRunner.java:396)
at org.testng.SuiteRunner.privateRun(SuiteRunner.java:355)
at org.testng.SuiteRunner.run(SuiteRunner.java:304)
at org.testng.SuiteRunnerWorker.runSuite(SuiteRunnerWorker.java:53)
at org.testng.SuiteRunnerWorker.run(SuiteRunnerWorker.java:96)
at org.testng.TestNG.runSuitesSequentially(TestNG.java:1180)
at org.testng.TestNG.runSuitesLocally(TestNG.java:1102)
at org.testng.TestNG.runSuites(TestNG.java:1032)
at org.testng.TestNG.run(TestNG.java:1000)
at org.testng.remote.AbstractRemoteTestNG.run(AbstractRemoteTestNG.java:115)
at org.testng.remote.RemoteTestNG.initAndRun(RemoteTestNG.java:251)
at org.testng.remote.RemoteTestNG.main(RemoteTestNG.java:77)
]]>
            </full-stacktrace>
          </exception> <!-- java.lang.NullPointerException -->
          <reporter-output>
          </reporter-output>
        </test-method> <!-- ApparelSelection -->
        <test-method is-config="true" signature="tearDown()[pri:0, instance:com.infy.home.test.search.SearchBox@306e95ec]" started-at="2020-01-24T16:26:03 IST" name="tearDown" finished-at="2020-01-24T16:26:04 IST" duration-ms="864" status="PASS">
          <reporter-output>
          </reporter-output>
        </test-method> <!-- tearDown -->
      </class> <!-- com.infy.home.test.search.SearchBox -->
    </test> <!-- Apparel -->
  </suite> <!-- Suite1 -->
</testng-results>
